[2025-03-20T15:52:39.290130-03:00] ElephantIO.ERROR: WebSocket Error: An error occurred while trying to establish a connection to the server, unable to perform handshake [] []
[2025-03-20T15:52:49.960394-03:00] ElephantIO.ERROR: WebSocket Error: An error occurred while trying to establish a connection to the server, unable to perform handshake [] []
[2025-03-20T15:52:57.264519-03:00] ElephantIO.ERROR: WebSocket Error: An error occurred while trying to establish a connection to the server, unable to perform handshake [] []
[2025-03-20T18:53:55.904856+00:00] ElephantIO.ERROR: WebSocket Error: An error occurred while trying to establish a connection to the server, unable to perform handshake [] []
[2025-03-20T18:54:56.417335+00:00] ElephantIO.ERROR: WebSocket Error: An error occurred while trying to establish a connection to the server, unable to perform handshake [] []
[2025-03-20T16:04:24.300949-03:00] ElephantIO.INFO: 🔍 Testing Version2X connection to: https://vlu.me:2053 | SSL: Enabled [] []
[2025-03-20T16:04:24.466531-03:00] ElephantIO.ERROR: ❌ Version2X Error: An error occurred while trying to establish a connection to the server, unable to perform handshake [] []
[2025-03-20T16:04:24.467126-03:00] ElephantIO.INFO: 🔍 Testing Version2X connection to: https://vlu.me:2053 | SSL: Disabled [] []
[2025-03-20T16:04:24.470136-03:00] ElephantIO.ERROR: ❌ Version2X Error: An error occurred while trying to establish a connection to the server, unable to perform handshake [] []
[2025-03-20T16:04:24.470422-03:00] ElephantIO.INFO: 🔍 Testing Version3X connection to: https://vlu.me:2053 | SSL: Enabled [] []
[2025-03-20T16:04:24.558671-03:00] ElephantIO.INFO: ✅ Version3X: Message sent successfully to https://vlu.me:2053 [] []
[2025-03-20T16:04:24.558851-03:00] ElephantIO.INFO: 🔍 Testing Version3X connection to: https://vlu.me:2053 | SSL: Disabled [] []
[2025-03-20T16:04:24.565988-03:00] ElephantIO.INFO: ✅ Version3X: Message sent successfully to https://vlu.me:2053 [] []
[2025-03-20T16:04:24.566178-03:00] ElephantIO.INFO: 🔍 Testing Version2X connection to: https://vlu.me:2053/socket.io/ | SSL: Enabled [] []
[2025-03-20T16:04:24.585181-03:00] ElephantIO.ERROR: ❌ Version2X Error: An error occurred while trying to establish a connection to the server, unable to perform handshake [] []
[2025-03-20T16:04:24.585793-03:00] ElephantIO.INFO: 🔍 Testing Version2X connection to: https://vlu.me:2053/socket.io/ | SSL: Disabled [] []
[2025-03-20T16:04:24.589277-03:00] ElephantIO.ERROR: ❌ Version2X Error: An error occurred while trying to establish a connection to the server, unable to perform handshake [] []
[2025-03-20T16:04:24.589586-03:00] ElephantIO.INFO: 🔍 Testing Version3X connection to: https://vlu.me:2053/socket.io/ | SSL: Enabled [] []
[2025-03-20T16:04:24.613581-03:00] ElephantIO.INFO: ✅ Version3X: Message sent successfully to https://vlu.me:2053/socket.io/ [] []
[2025-03-20T16:04:24.613801-03:00] ElephantIO.INFO: 🔍 Testing Version3X connection to: https://vlu.me:2053/socket.io/ | SSL: Disabled [] []
[2025-03-20T16:04:24.620361-03:00] ElephantIO.INFO: ✅ Version3X: Message sent successfully to https://vlu.me:2053/socket.io/ [] []
[2025-03-20T16:04:24.620641-03:00] ElephantIO.INFO: 🔍 Testing Version2X connection to: https://vlu.me:2053/socket.io/?EIO=4&transport=websocket | SSL: Enabled [] []
[2025-03-20T16:04:24.640070-03:00] ElephantIO.ERROR: ❌ Version2X Error: An error occurred while trying to establish a connection to the server, unable to perform handshake [] []
[2025-03-20T16:04:24.640893-03:00] ElephantIO.INFO: 🔍 Testing Version2X connection to: https://vlu.me:2053/socket.io/?EIO=4&transport=websocket | SSL: Disabled [] []
[2025-03-20T16:04:24.644021-03:00] ElephantIO.ERROR: ❌ Version2X Error: An error occurred while trying to establish a connection to the server, unable to perform handshake [] []
[2025-03-20T16:04:24.644270-03:00] ElephantIO.INFO: 🔍 Testing Version3X connection to: https://vlu.me:2053/socket.io/?EIO=4&transport=websocket | SSL: Enabled [] []
[2025-03-20T16:04:24.674282-03:00] ElephantIO.INFO: ✅ Version3X: Message sent successfully to https://vlu.me:2053/socket.io/?EIO=4&transport=websocket [] []
[2025-03-20T16:04:24.674564-03:00] ElephantIO.INFO: 🔍 Testing Version3X connection to: https://vlu.me:2053/socket.io/?EIO=4&transport=websocket | SSL: Disabled [] []
[2025-03-20T16:04:24.682613-03:00] ElephantIO.INFO: ✅ Version3X: Message sent successfully to https://vlu.me:2053/socket.io/?EIO=4&transport=websocket [] []
[2025-03-20T19:04:39.177854+00:00] ElephantIO.INFO: 🔍 Testing Version2X connection to: https://vlu.me:2053 | SSL: Enabled [] []
[2025-03-20T19:04:39.328065+00:00] ElephantIO.ERROR: ❌ Version2X Error: An error occurred while trying to establish a connection to the server, unable to perform handshake [] []
[2025-03-20T19:04:39.328978+00:00] ElephantIO.INFO: 🔍 Testing Version2X connection to: https://vlu.me:2053 | SSL: Disabled [] []
[2025-03-20T19:04:39.332787+00:00] ElephantIO.ERROR: ❌ Version2X Error: An error occurred while trying to establish a connection to the server, unable to perform handshake [] []
[2025-03-20T19:04:39.333062+00:00] ElephantIO.INFO: 🔍 Testing Version3X connection to: https://vlu.me:2053 | SSL: Enabled [] []
[2025-03-20T19:04:39.408523+00:00] ElephantIO.INFO: ✅ Version3X: Message sent successfully to https://vlu.me:2053 [] []
[2025-03-20T19:04:39.408673+00:00] ElephantIO.INFO: 🔍 Testing Version3X connection to: https://vlu.me:2053 | SSL: Disabled [] []
[2025-03-20T19:04:39.415285+00:00] ElephantIO.INFO: ✅ Version3X: Message sent successfully to https://vlu.me:2053 [] []
[2025-03-20T19:04:39.415635+00:00] ElephantIO.INFO: 🔍 Testing Version2X connection to: https://vlu.me:2053/socket.io/ | SSL: Enabled [] []
[2025-03-20T19:04:39.435441+00:00] ElephantIO.ERROR: ❌ Version2X Error: An error occurred while trying to establish a connection to the server, unable to perform handshake [] []
[2025-03-20T19:04:39.436275+00:00] ElephantIO.INFO: 🔍 Testing Version2X connection to: https://vlu.me:2053/socket.io/ | SSL: Disabled [] []
[2025-03-20T19:04:39.439909+00:00] ElephantIO.ERROR: ❌ Version2X Error: An error occurred while trying to establish a connection to the server, unable to perform handshake [] []
[2025-03-20T19:04:39.440190+00:00] ElephantIO.INFO: 🔍 Testing Version3X connection to: https://vlu.me:2053/socket.io/ | SSL: Enabled [] []
[2025-03-20T19:04:39.463927+00:00] ElephantIO.INFO: ✅ Version3X: Message sent successfully to https://vlu.me:2053/socket.io/ [] []
[2025-03-20T19:04:39.464152+00:00] ElephantIO.INFO: 🔍 Testing Version3X connection to: https://vlu.me:2053/socket.io/ | SSL: Disabled [] []
[2025-03-20T19:04:39.470893+00:00] ElephantIO.INFO: ✅ Version3X: Message sent successfully to https://vlu.me:2053/socket.io/ [] []
[2025-03-20T19:04:39.471136+00:00] ElephantIO.INFO: 🔍 Testing Version2X connection to: https://vlu.me:2053/socket.io/?EIO=4&transport=websocket | SSL: Enabled [] []
[2025-03-20T19:04:39.490519+00:00] ElephantIO.ERROR: ❌ Version2X Error: An error occurred while trying to establish a connection to the server, unable to perform handshake [] []
[2025-03-20T19:04:39.491268+00:00] ElephantIO.INFO: 🔍 Testing Version2X connection to: https://vlu.me:2053/socket.io/?EIO=4&transport=websocket | SSL: Disabled [] []
[2025-03-20T19:04:39.493805+00:00] ElephantIO.ERROR: ❌ Version2X Error: An error occurred while trying to establish a connection to the server, unable to perform handshake [] []
[2025-03-20T19:04:39.494018+00:00] ElephantIO.INFO: 🔍 Testing Version3X connection to: https://vlu.me:2053/socket.io/?EIO=4&transport=websocket | SSL: Enabled [] []
[2025-03-20T19:04:39.517390+00:00] ElephantIO.INFO: ✅ Version3X: Message sent successfully to https://vlu.me:2053/socket.io/?EIO=4&transport=websocket [] []
[2025-03-20T19:04:39.517637+00:00] ElephantIO.INFO: 🔍 Testing Version3X connection to: https://vlu.me:2053/socket.io/?EIO=4&transport=websocket | SSL: Disabled [] []
[2025-03-20T19:04:39.525151+00:00] ElephantIO.INFO: ✅ Version3X: Message sent successfully to https://vlu.me:2053/socket.io/?EIO=4&transport=websocket [] []
